<?xml version="1.0" encoding="UTF-8"?>
<!-- Generated by org.testng.reporters.JUnitXMLReporter -->
<testsuite hostname="DESKTOP-RKQECJ9" ignored="0" name="Default test" tests="2" failures="0" timestamp="08 Sep 2019 10:06:35 GMT" time="39.815" errors="0">
  <testcase name="runTC001" time="1.72" classname="org.testleaf.leaftaps.testcases.TC001_LoginLogout"/>
  <testcase name="runTC001" time="0.967" classname="org.testleaf.leaftaps.testcases.TC001_LoginLogout"/>
</testsuite> <!-- Default test -->
