<?xml version="1.0" encoding="UTF-8"?>
<testng-results skipped="0" failed="0" ignored="0" total="2" passed="2">
  <reporter-output>
  </reporter-output>
  <suite name="Default suite" duration-ms="39815" started-at="2019-09-08T10:05:55Z" finished-at="2019-09-08T10:06:35Z">
    <groups>
    </groups>
    <test name="Default test" duration-ms="39815" started-at="2019-09-08T10:05:55Z" finished-at="2019-09-08T10:06:35Z">
      <class name="org.testleaf.leaftaps.testcases.TC001_LoginLogout">
        <test-method status="PASS" signature="setData()[pri:0, instance:org.testleaf.leaftaps.testcases.TC001_LoginLogout@146ba0ac]" name="setData" is-config="true" duration-ms="115" started-at="2019-09-08T10:05:55Z" finished-at="2019-09-08T10:05:55Z">
          <reporter-output>
          </reporter-output>
        </test-method> <!-- setData -->
        <test-method status="PASS" signature="startApp()[pri:0, instance:org.testleaf.leaftaps.testcases.TC001_LoginLogout@146ba0ac]" name="startApp" is-config="true" duration-ms="26575" started-at="2019-09-08T10:05:57Z" finished-at="2019-09-08T10:06:24Z">
          <reporter-output>
          </reporter-output>
        </test-method> <!-- startApp -->
        <test-method status="PASS" signature="runTC001(java.lang.String, java.lang.String)[pri:0, instance:org.testleaf.leaftaps.testcases.TC001_LoginLogout@146ba0ac]" name="runTC001" duration-ms="1720" started-at="2019-09-08T10:06:24Z" data-provider="fetchData" finished-at="2019-09-08T10:06:26Z">
          <params>
            <param index="0">
              <value>
                <![CDATA[Demosalesmanager]]>
              </value>
            </param>
            <param index="1">
              <value>
                <![CDATA[crmsfa]]>
              </value>
            </param>
          </params>
          <reporter-output>
          </reporter-output>
        </test-method> <!-- runTC001 -->
        <test-method status="PASS" signature="closeApp()[pri:0, instance:org.testleaf.leaftaps.testcases.TC001_LoginLogout@146ba0ac]" name="closeApp" is-config="true" duration-ms="661" started-at="2019-09-08T10:06:26Z" finished-at="2019-09-08T10:06:26Z">
          <reporter-output>
          </reporter-output>
        </test-method> <!-- closeApp -->
        <test-method status="PASS" signature="startApp()[pri:0, instance:org.testleaf.leaftaps.testcases.TC001_LoginLogout@146ba0ac]" name="startApp" is-config="true" duration-ms="7020" started-at="2019-09-08T10:06:26Z" finished-at="2019-09-08T10:06:33Z">
          <reporter-output>
          </reporter-output>
        </test-method> <!-- startApp -->
        <test-method status="PASS" signature="runTC001(java.lang.String, java.lang.String)[pri:0, instance:org.testleaf.leaftaps.testcases.TC001_LoginLogout@146ba0ac]" name="runTC001" duration-ms="967" started-at="2019-09-08T10:06:33Z" data-provider="fetchData" finished-at="2019-09-08T10:06:34Z">
          <params>
            <param index="0">
              <value>
                <![CDATA[DemoCSR]]>
              </value>
            </param>
            <param index="1">
              <value>
                <![CDATA[crmsfa]]>
              </value>
            </param>
          </params>
          <reporter-output>
          </reporter-output>
        </test-method> <!-- runTC001 -->
        <test-method status="PASS" signature="closeApp()[pri:0, instance:org.testleaf.leaftaps.testcases.TC001_LoginLogout@146ba0ac]" name="closeApp" is-config="true" duration-ms="580" started-at="2019-09-08T10:06:34Z" finished-at="2019-09-08T10:06:35Z">
          <reporter-output>
          </reporter-output>
        </test-method> <!-- closeApp -->
      </class> <!-- org.testleaf.leaftaps.testcases.TC001_LoginLogout -->
    </test> <!-- Default test -->
  </suite> <!-- Default suite -->
</testng-results>
